[2025-10-16T19:42:48.689+0000] {local_task_job_runner.py:120} INFO - ::group::Pre task execution logs
[2025-10-16T19:42:49.079+0000] {taskinstance.py:2076} INFO - Dependencies all met for dep_context=non-requeueable deps ti=<TaskInstance: jobs_jobspy_daily.collect_jobspy manual__2025-10-16T19:42:43.841867+00:00 [queued]>
[2025-10-16T19:42:49.107+0000] {taskinstance.py:2076} INFO - Dependencies all met for dep_context=requeueable deps ti=<TaskInstance: jobs_jobspy_daily.collect_jobspy manual__2025-10-16T19:42:43.841867+00:00 [queued]>
[2025-10-16T19:42:49.108+0000] {taskinstance.py:2306} INFO - Starting attempt 1 of 1
[2025-10-16T19:42:49.165+0000] {taskinstance.py:2330} INFO - Executing <Task(BashOperator): collect_jobspy> on 2025-10-16 19:42:43.841867+00:00
[2025-10-16T19:42:49.200+0000] {logging_mixin.py:188} WARNING - /home/***/.local/lib/python3.12/site-packages/***/task/task_runner/standard_task_runner.py:62 DeprecationWarning: This process (pid=254) is multi-threaded, use of fork() may lead to deadlocks in the child.
[2025-10-16T19:42:49.186+0000] {standard_task_runner.py:90} INFO - Running: ['***', 'tasks', 'run', 'jobs_jobspy_daily', 'collect_jobspy', 'manual__2025-10-16T19:42:43.841867+00:00', '--job-id', '5', '--raw', '--subdir', 'DAGS_FOLDER/jobs_jobspy_daily.py', '--cfg-path', '/tmp/tmpfujzvjlo']
[2025-10-16T19:42:49.211+0000] {standard_task_runner.py:64} INFO - Started process 260 to run task
[2025-10-16T19:42:49.212+0000] {standard_task_runner.py:91} INFO - Job 5: Subtask collect_jobspy
[2025-10-16T19:42:49.389+0000] {task_command.py:426} INFO - Running <TaskInstance: jobs_jobspy_daily.collect_jobspy manual__2025-10-16T19:42:43.841867+00:00 [running]> on host 8c98f0fe5023
[2025-10-16T19:42:49.951+0000] {taskinstance.py:2648} INFO - Exporting env vars: AIRFLOW_CTX_DAG_OWNER='***' AIRFLOW_CTX_DAG_ID='jobs_jobspy_daily' AIRFLOW_CTX_TASK_ID='collect_jobspy' AIRFLOW_CTX_EXECUTION_DATE='2025-10-16T19:42:43.841867+00:00' AIRFLOW_CTX_TRY_NUMBER='1' AIRFLOW_CTX_DAG_RUN_ID='manual__2025-10-16T19:42:43.841867+00:00'
[2025-10-16T19:42:49.953+0000] {taskinstance.py:430} INFO - ::endgroup::
[2025-10-16T19:42:50.127+0000] {subprocess.py:63} INFO - Tmp dir root location: /tmp
[2025-10-16T19:42:50.137+0000] {subprocess.py:75} INFO - Running command: ['/usr/bin/bash', '-c', "python /workspace/scripts/jobspy_collect.py --query 'Data Engineer' --location 'France' --sites indeed,glassdoor,linkedin --pages 2 --days 7"]
[2025-10-16T19:42:50.163+0000] {subprocess.py:86} INFO - Output:
[2025-10-16T19:42:50.732+0000] {subprocess.py:93} INFO - Traceback (most recent call last):
[2025-10-16T19:42:50.734+0000] {subprocess.py:93} INFO -   File "/workspace/scripts/jobspy_collect.py", line 2, in <module>
[2025-10-16T19:42:50.736+0000] {subprocess.py:93} INFO -     from jobspy import scrape_jobs
[2025-10-16T19:42:50.737+0000] {subprocess.py:93} INFO - ModuleNotFoundError: No module named 'jobspy'
[2025-10-16T19:42:50.749+0000] {subprocess.py:97} INFO - Command exited with return code 1
[2025-10-16T19:42:50.758+0000] {taskinstance.py:441} INFO - ::group::Post task execution logs
[2025-10-16T19:42:50.820+0000] {taskinstance.py:2905} ERROR - Task failed with exception
Traceback (most recent call last):
  File "/home/airflow/.local/lib/python3.12/site-packages/airflow/models/taskinstance.py", line 465, in _execute_task
    result = _execute_callable(context=context, **execute_callable_kwargs)
             ^^^^^^^^^^^^^^^^^^^^^^^^^^^^^^^^^^^^^^^^^^^^^^^^^^^^^^^^^^^^^
  File "/home/airflow/.local/lib/python3.12/site-packages/airflow/models/taskinstance.py", line 432, in _execute_callable
    return execute_callable(context=context, **execute_callable_kwargs)
           ^^^^^^^^^^^^^^^^^^^^^^^^^^^^^^^^^^^^^^^^^^^^^^^^^^^^^^^^^^^^
  File "/home/airflow/.local/lib/python3.12/site-packages/airflow/models/baseoperator.py", line 401, in wrapper
    return func(self, *args, **kwargs)
           ^^^^^^^^^^^^^^^^^^^^^^^^^^^
  File "/home/airflow/.local/lib/python3.12/site-packages/airflow/operators/bash.py", line 243, in execute
    raise AirflowException(
airflow.exceptions.AirflowException: Bash command failed. The command returned a non-zero exit code 1.
[2025-10-16T19:42:50.855+0000] {taskinstance.py:1206} INFO - Marking task as FAILED. dag_id=jobs_jobspy_daily, task_id=collect_jobspy, run_id=manual__2025-10-16T19:42:43.841867+00:00, execution_date=20251016T194243, start_date=20251016T194249, end_date=20251016T194250
[2025-10-16T19:42:50.891+0000] {standard_task_runner.py:110} ERROR - Failed to execute job 5 for task collect_jobspy (Bash command failed. The command returned a non-zero exit code 1.; 260)
[2025-10-16T19:42:50.932+0000] {local_task_job_runner.py:243} INFO - Task exited with return code 1
[2025-10-16T19:42:51.002+0000] {taskinstance.py:3503} INFO - 0 downstream tasks scheduled from follow-on schedule check
[2025-10-16T19:42:51.011+0000] {local_task_job_runner.py:222} INFO - ::endgroup::
