[2025-10-18T20:25:00.686+0000] {local_task_job_runner.py:120} INFO - ::group::Pre task execution logs
[2025-10-18T20:25:00.841+0000] {taskinstance.py:2076} INFO - Dependencies all met for dep_context=non-requeueable deps ti=<TaskInstance: jobs_jobspy_daily.collect_jobspy manual__2025-10-18T20:24:59.394890+00:00 [queued]>
[2025-10-18T20:25:00.879+0000] {taskinstance.py:2076} INFO - Dependencies all met for dep_context=requeueable deps ti=<TaskInstance: jobs_jobspy_daily.collect_jobspy manual__2025-10-18T20:24:59.394890+00:00 [queued]>
[2025-10-18T20:25:00.881+0000] {taskinstance.py:2306} INFO - Starting attempt 1 of 1
[2025-10-18T20:25:00.932+0000] {taskinstance.py:2330} INFO - Executing <Task(BashOperator): collect_jobspy> on 2025-10-18 20:24:59.394890+00:00
[2025-10-18T20:25:00.951+0000] {logging_mixin.py:188} WARNING - /home/***/.local/lib/python3.12/site-packages/***/task/task_runner/standard_task_runner.py:62 DeprecationWarning: This process (pid=2486) is multi-threaded, use of fork() may lead to deadlocks in the child.
[2025-10-18T20:25:00.953+0000] {standard_task_runner.py:64} INFO - Started process 2487 to run task
[2025-10-18T20:25:00.950+0000] {standard_task_runner.py:90} INFO - Running: ['***', 'tasks', 'run', 'jobs_jobspy_daily', 'collect_jobspy', 'manual__2025-10-18T20:24:59.394890+00:00', '--job-id', '62', '--raw', '--subdir', 'DAGS_FOLDER/jobs_jobspy_daily.py', '--cfg-path', '/tmp/tmp_ubvxftp']
[2025-10-18T20:25:00.958+0000] {standard_task_runner.py:91} INFO - Job 62: Subtask collect_jobspy
[2025-10-18T20:25:01.226+0000] {task_command.py:426} INFO - Running <TaskInstance: jobs_jobspy_daily.collect_jobspy manual__2025-10-18T20:24:59.394890+00:00 [running]> on host 68cd41389e54
[2025-10-18T20:25:01.643+0000] {taskinstance.py:2648} INFO - Exporting env vars: AIRFLOW_CTX_DAG_OWNER='***' AIRFLOW_CTX_DAG_ID='jobs_jobspy_daily' AIRFLOW_CTX_TASK_ID='collect_jobspy' AIRFLOW_CTX_EXECUTION_DATE='2025-10-18T20:24:59.394890+00:00' AIRFLOW_CTX_TRY_NUMBER='1' AIRFLOW_CTX_DAG_RUN_ID='manual__2025-10-18T20:24:59.394890+00:00'
[2025-10-18T20:25:01.647+0000] {taskinstance.py:430} INFO - ::endgroup::
[2025-10-18T20:25:01.736+0000] {subprocess.py:63} INFO - Tmp dir root location: /tmp
[2025-10-18T20:25:01.740+0000] {subprocess.py:75} INFO - Running command: ['/usr/bin/bash', '-c', "python /workspace/scripts/jobspy_collect.py --queries 'Data Engineer,Data Scientist,ML Engineer,DevOps Engineer,Backend Developer,Data Analyst' --locations 'France' --sites indeed--pages 3 --days 10 --outfile jobspy_all_{ds_nodash}.jsonl"]
[2025-10-18T20:25:01.758+0000] {subprocess.py:86} INFO - Output:
[2025-10-18T20:25:05.440+0000] {subprocess.py:93} INFO - usage: Collect multi-profiles/locations (fast & resilient) into ONE JSONL
[2025-10-18T20:25:05.441+0000] {subprocess.py:93} INFO -        [-h] [--queries QUERIES] [--locations LOCATIONS] [--sites SITES]
[2025-10-18T20:25:05.442+0000] {subprocess.py:93} INFO -        [--pages PAGES] [--days DAYS]
[2025-10-18T20:25:05.443+0000] {subprocess.py:93} INFO -        [--linkedin_fetch_description LINKEDIN_FETCH_DESCRIPTION]
[2025-10-18T20:25:05.444+0000] {subprocess.py:93} INFO -        [--max_li_desc MAX_LI_DESC] [--outfile OUTFILE]
[2025-10-18T20:25:05.445+0000] {subprocess.py:93} INFO - Collect multi-profiles/locations (fast & resilient) into ONE JSONL: error: unrecognized arguments: 3
[2025-10-18T20:25:05.597+0000] {subprocess.py:97} INFO - Command exited with return code 2
[2025-10-18T20:25:05.599+0000] {taskinstance.py:441} INFO - ::group::Post task execution logs
[2025-10-18T20:25:05.623+0000] {taskinstance.py:2905} ERROR - Task failed with exception
Traceback (most recent call last):
  File "/home/airflow/.local/lib/python3.12/site-packages/airflow/models/taskinstance.py", line 465, in _execute_task
    result = _execute_callable(context=context, **execute_callable_kwargs)
             ^^^^^^^^^^^^^^^^^^^^^^^^^^^^^^^^^^^^^^^^^^^^^^^^^^^^^^^^^^^^^
  File "/home/airflow/.local/lib/python3.12/site-packages/airflow/models/taskinstance.py", line 432, in _execute_callable
    return execute_callable(context=context, **execute_callable_kwargs)
           ^^^^^^^^^^^^^^^^^^^^^^^^^^^^^^^^^^^^^^^^^^^^^^^^^^^^^^^^^^^^
  File "/home/airflow/.local/lib/python3.12/site-packages/airflow/models/baseoperator.py", line 401, in wrapper
    return func(self, *args, **kwargs)
           ^^^^^^^^^^^^^^^^^^^^^^^^^^^
  File "/home/airflow/.local/lib/python3.12/site-packages/airflow/operators/bash.py", line 243, in execute
    raise AirflowException(
airflow.exceptions.AirflowException: Bash command failed. The command returned a non-zero exit code 2.
[2025-10-18T20:25:05.638+0000] {taskinstance.py:1206} INFO - Marking task as FAILED. dag_id=jobs_jobspy_daily, task_id=collect_jobspy, run_id=manual__2025-10-18T20:24:59.394890+00:00, execution_date=20251018T202459, start_date=20251018T202500, end_date=20251018T202505
[2025-10-18T20:25:05.669+0000] {standard_task_runner.py:110} ERROR - Failed to execute job 62 for task collect_jobspy (Bash command failed. The command returned a non-zero exit code 2.; 2487)
[2025-10-18T20:25:05.687+0000] {local_task_job_runner.py:243} INFO - Task exited with return code 1
[2025-10-18T20:25:05.732+0000] {taskinstance.py:3503} INFO - 0 downstream tasks scheduled from follow-on schedule check
[2025-10-18T20:25:05.739+0000] {local_task_job_runner.py:222} INFO - ::endgroup::
