[2025-10-18T21:05:50.181+0000] {local_task_job_runner.py:120} INFO - ::group::Pre task execution logs
[2025-10-18T21:05:50.328+0000] {taskinstance.py:2076} INFO - Dependencies all met for dep_context=non-requeueable deps ti=<TaskInstance: jobs_jobspy_indeed_24h.collect_indeed_24h manual__2025-10-18T21:05:48.851776+00:00 [queued]>
[2025-10-18T21:05:50.344+0000] {taskinstance.py:2076} INFO - Dependencies all met for dep_context=requeueable deps ti=<TaskInstance: jobs_jobspy_indeed_24h.collect_indeed_24h manual__2025-10-18T21:05:48.851776+00:00 [queued]>
[2025-10-18T21:05:50.345+0000] {taskinstance.py:2306} INFO - Starting attempt 1 of 1
[2025-10-18T21:05:50.375+0000] {taskinstance.py:2330} INFO - Executing <Task(BashOperator): collect_indeed_24h> on 2025-10-18 21:05:48.851776+00:00
[2025-10-18T21:05:50.392+0000] {logging_mixin.py:188} WARNING - /home/***/.local/lib/python3.12/site-packages/***/task/task_runner/standard_task_runner.py:62 DeprecationWarning: This process (pid=3193) is multi-threaded, use of fork() may lead to deadlocks in the child.
[2025-10-18T21:05:50.390+0000] {standard_task_runner.py:90} INFO - Running: ['***', 'tasks', 'run', 'jobs_jobspy_indeed_24h', 'collect_indeed_24h', 'manual__2025-10-18T21:05:48.851776+00:00', '--job-id', '81', '--raw', '--subdir', 'DAGS_FOLDER/jobs_jobspy_daily.py', '--cfg-path', '/tmp/tmpega6aqhd']
[2025-10-18T21:05:50.394+0000] {standard_task_runner.py:64} INFO - Started process 3200 to run task
[2025-10-18T21:05:50.394+0000] {standard_task_runner.py:91} INFO - Job 81: Subtask collect_indeed_24h
[2025-10-18T21:05:50.520+0000] {task_command.py:426} INFO - Running <TaskInstance: jobs_jobspy_indeed_24h.collect_indeed_24h manual__2025-10-18T21:05:48.851776+00:00 [running]> on host 68cd41389e54
[2025-10-18T21:05:50.857+0000] {taskinstance.py:2648} INFO - Exporting env vars: AIRFLOW_CTX_DAG_OWNER='***' AIRFLOW_CTX_DAG_ID='jobs_jobspy_indeed_24h' AIRFLOW_CTX_TASK_ID='collect_indeed_24h' AIRFLOW_CTX_EXECUTION_DATE='2025-10-18T21:05:48.851776+00:00' AIRFLOW_CTX_TRY_NUMBER='1' AIRFLOW_CTX_DAG_RUN_ID='manual__2025-10-18T21:05:48.851776+00:00'
[2025-10-18T21:05:50.859+0000] {taskinstance.py:430} INFO - ::endgroup::
[2025-10-18T21:05:51.076+0000] {subprocess.py:63} INFO - Tmp dir root location: /tmp
[2025-10-18T21:05:51.080+0000] {subprocess.py:75} INFO - Running command: ['/usr/bin/bash', '-c', "python -u /workspace/scripts/jobspy_collect_indeed_24h.py --queries ' ,engineer,developer,manager,architect,cloud,ai,data,hr,finance,marketing,sales,security,analyst,consultant,full stack,frontend,backend,devops,product,project' --locations 'France,Remote,Paris,Lyon' --countries 'france,canada' --pages 4 --days 1 --append 1 --outfile jobspy_indeed_24h.jsonl"]
[2025-10-18T21:05:51.102+0000] {subprocess.py:86} INFO - Output:
[2025-10-18T21:05:51.390+0000] {subprocess.py:93} INFO - python: can't open file '/workspace/scripts/jobspy_collect_indeed_24h.py': [Errno 2] No such file or directory
[2025-10-18T21:05:51.406+0000] {subprocess.py:97} INFO - Command exited with return code 2
[2025-10-18T21:05:51.409+0000] {taskinstance.py:441} INFO - ::group::Post task execution logs
[2025-10-18T21:05:51.448+0000] {taskinstance.py:2905} ERROR - Task failed with exception
Traceback (most recent call last):
  File "/home/airflow/.local/lib/python3.12/site-packages/airflow/models/taskinstance.py", line 465, in _execute_task
    result = _execute_callable(context=context, **execute_callable_kwargs)
             ^^^^^^^^^^^^^^^^^^^^^^^^^^^^^^^^^^^^^^^^^^^^^^^^^^^^^^^^^^^^^
  File "/home/airflow/.local/lib/python3.12/site-packages/airflow/models/taskinstance.py", line 432, in _execute_callable
    return execute_callable(context=context, **execute_callable_kwargs)
           ^^^^^^^^^^^^^^^^^^^^^^^^^^^^^^^^^^^^^^^^^^^^^^^^^^^^^^^^^^^^
  File "/home/airflow/.local/lib/python3.12/site-packages/airflow/models/baseoperator.py", line 401, in wrapper
    return func(self, *args, **kwargs)
           ^^^^^^^^^^^^^^^^^^^^^^^^^^^
  File "/home/airflow/.local/lib/python3.12/site-packages/airflow/operators/bash.py", line 243, in execute
    raise AirflowException(
airflow.exceptions.AirflowException: Bash command failed. The command returned a non-zero exit code 2.
[2025-10-18T21:05:51.475+0000] {taskinstance.py:1206} INFO - Marking task as FAILED. dag_id=jobs_jobspy_indeed_24h, task_id=collect_indeed_24h, run_id=manual__2025-10-18T21:05:48.851776+00:00, execution_date=20251018T210548, start_date=20251018T210550, end_date=20251018T210551
[2025-10-18T21:05:51.509+0000] {standard_task_runner.py:110} ERROR - Failed to execute job 81 for task collect_indeed_24h (Bash command failed. The command returned a non-zero exit code 2.; 3200)
[2025-10-18T21:05:51.537+0000] {local_task_job_runner.py:243} INFO - Task exited with return code 1
[2025-10-18T21:05:51.593+0000] {taskinstance.py:3503} INFO - 0 downstream tasks scheduled from follow-on schedule check
[2025-10-18T21:05:51.602+0000] {local_task_job_runner.py:222} INFO - ::endgroup::
