[2025-10-17T18:51:51.422+0000] {local_task_job_runner.py:120} INFO - ::group::Pre task execution logs
[2025-10-17T18:51:51.531+0000] {taskinstance.py:2076} INFO - Dependencies all met for dep_context=non-requeueable deps ti=<TaskInstance: jobs_jobspy_daily.collect_jobspy manual__2025-10-17T18:51:49.526730+00:00 [queued]>
[2025-10-17T18:51:51.552+0000] {taskinstance.py:2076} INFO - Dependencies all met for dep_context=requeueable deps ti=<TaskInstance: jobs_jobspy_daily.collect_jobspy manual__2025-10-17T18:51:49.526730+00:00 [queued]>
[2025-10-17T18:51:51.553+0000] {taskinstance.py:2306} INFO - Starting attempt 1 of 1
[2025-10-17T18:51:51.584+0000] {taskinstance.py:2330} INFO - Executing <Task(BashOperator): collect_jobspy> on 2025-10-17 18:51:49.526730+00:00
[2025-10-17T18:51:51.598+0000] {logging_mixin.py:188} WARNING - /home/***/.local/lib/python3.12/site-packages/***/task/task_runner/standard_task_runner.py:62 DeprecationWarning: This process (pid=295) is multi-threaded, use of fork() may lead to deadlocks in the child.
[2025-10-17T18:51:51.597+0000] {standard_task_runner.py:90} INFO - Running: ['***', 'tasks', 'run', 'jobs_jobspy_daily', 'collect_jobspy', 'manual__2025-10-17T18:51:49.526730+00:00', '--job-id', '47', '--raw', '--subdir', 'DAGS_FOLDER/jobs_jobspy_daily.py', '--cfg-path', '/tmp/tmp8_haf8zc']
[2025-10-17T18:51:51.600+0000] {standard_task_runner.py:64} INFO - Started process 296 to run task
[2025-10-17T18:51:51.601+0000] {standard_task_runner.py:91} INFO - Job 47: Subtask collect_jobspy
[2025-10-17T18:51:51.724+0000] {task_command.py:426} INFO - Running <TaskInstance: jobs_jobspy_daily.collect_jobspy manual__2025-10-17T18:51:49.526730+00:00 [running]> on host 68cd41389e54
[2025-10-17T18:51:51.967+0000] {taskinstance.py:2648} INFO - Exporting env vars: AIRFLOW_CTX_DAG_OWNER='***' AIRFLOW_CTX_DAG_ID='jobs_jobspy_daily' AIRFLOW_CTX_TASK_ID='collect_jobspy' AIRFLOW_CTX_EXECUTION_DATE='2025-10-17T18:51:49.526730+00:00' AIRFLOW_CTX_TRY_NUMBER='1' AIRFLOW_CTX_DAG_RUN_ID='manual__2025-10-17T18:51:49.526730+00:00'
[2025-10-17T18:51:51.968+0000] {taskinstance.py:430} INFO - ::endgroup::
[2025-10-17T18:51:52.001+0000] {subprocess.py:63} INFO - Tmp dir root location: /tmp
[2025-10-17T18:51:52.005+0000] {subprocess.py:75} INFO - Running command: ['/usr/bin/bash', '-c', "python /workspace/scripts/jobspy_collect.py --query 'Data Engineer' --location 'France' --sites indeed,glassdoor,linkedin --pages 2 --days 7"]
[2025-10-17T18:51:52.018+0000] {subprocess.py:86} INFO - Output:
[2025-10-17T18:51:54.393+0000] {subprocess.py:93} INFO - usage: jobspy_collect.py [-h] [--queries QUERIES] [--locations LOCATIONS]
[2025-10-17T18:51:54.394+0000] {subprocess.py:93} INFO -                          [--sites SITES] [--pages PAGES] [--days DAYS]
[2025-10-17T18:51:54.395+0000] {subprocess.py:93} INFO -                          [--max_per_query MAX_PER_QUERY]
[2025-10-17T18:51:54.396+0000] {subprocess.py:93} INFO - jobspy_collect.py: error: unrecognized arguments: --query Data Engineer
[2025-10-17T18:51:54.538+0000] {subprocess.py:97} INFO - Command exited with return code 2
[2025-10-17T18:51:54.540+0000] {taskinstance.py:441} INFO - ::group::Post task execution logs
[2025-10-17T18:51:54.565+0000] {taskinstance.py:2905} ERROR - Task failed with exception
Traceback (most recent call last):
  File "/home/airflow/.local/lib/python3.12/site-packages/airflow/models/taskinstance.py", line 465, in _execute_task
    result = _execute_callable(context=context, **execute_callable_kwargs)
             ^^^^^^^^^^^^^^^^^^^^^^^^^^^^^^^^^^^^^^^^^^^^^^^^^^^^^^^^^^^^^
  File "/home/airflow/.local/lib/python3.12/site-packages/airflow/models/taskinstance.py", line 432, in _execute_callable
    return execute_callable(context=context, **execute_callable_kwargs)
           ^^^^^^^^^^^^^^^^^^^^^^^^^^^^^^^^^^^^^^^^^^^^^^^^^^^^^^^^^^^^
  File "/home/airflow/.local/lib/python3.12/site-packages/airflow/models/baseoperator.py", line 401, in wrapper
    return func(self, *args, **kwargs)
           ^^^^^^^^^^^^^^^^^^^^^^^^^^^
  File "/home/airflow/.local/lib/python3.12/site-packages/airflow/operators/bash.py", line 243, in execute
    raise AirflowException(
airflow.exceptions.AirflowException: Bash command failed. The command returned a non-zero exit code 2.
[2025-10-17T18:51:54.584+0000] {taskinstance.py:1206} INFO - Marking task as FAILED. dag_id=jobs_jobspy_daily, task_id=collect_jobspy, run_id=manual__2025-10-17T18:51:49.526730+00:00, execution_date=20251017T185149, start_date=20251017T185151, end_date=20251017T185154
[2025-10-17T18:51:54.614+0000] {standard_task_runner.py:110} ERROR - Failed to execute job 47 for task collect_jobspy (Bash command failed. The command returned a non-zero exit code 2.; 296)
[2025-10-17T18:51:54.630+0000] {local_task_job_runner.py:243} INFO - Task exited with return code 1
[2025-10-17T18:51:54.676+0000] {taskinstance.py:3503} INFO - 0 downstream tasks scheduled from follow-on schedule check
[2025-10-17T18:51:54.683+0000] {local_task_job_runner.py:222} INFO - ::endgroup::
